<?xml version="1.0" encoding="UTF-8"?>
<!-- Generated by org.testng.reporters.JUnitXMLReporter -->
<testsuite ignored="0" hostname="ASUS-PC" failures="0" tests="3" name="Default test" time="5.775" errors="0" timestamp="2021-12-07T13:53:56 EST">
  <testcase classname="com.lms.test.restapi18.DeleteRequestJobsAPI" name="JsonHardCode_Delete" time="3.543"/>
  <testcase classname="com.lms.test.restapi18.DeleteRequestJobsAPI" name="ValidateStatusCodeforSpecificProgramIDHardCoded" time="0.709"/>
  <testcase classname="com.lms.test.restapi18.DeleteRequestJobsAPI" name="DataDriven_Excel_testDeleteProgram" time="0.198"/>
</testsuite> <!-- Default test -->
