<?xml version="1.0" encoding="UTF-8"?>
<!-- Generated by org.testng.reporters.JUnitReportReporter -->
<testsuite hostname="ASUS-PC" failures="0" tests="3" name="com.lms.test.restapi18.PutRequestJobsAPI" time="4.144" errors="0" timestamp="2021-12-07T13:50:29 EST" skipped="0">
  <testcase classname="com.lms.test.restapi18.PutRequestJobsAPI" name="HashMap_Data_Driven_Excel_testPostspecificPrograms" time="0.168"/>
  <system-out>
    <![CDATA[The status code received for hard coded post200
Hard Coded Put response Body using hash map{"data": {"Job Title": {"0": "SDET", "1": "SDET", "2": "Testing PUT", "3": "SDET", "4": "SDET", "5": "Jr SDET local to CA", "6": "100% Remote Direct Hire Senior SDET Tester- Java Programmer", "7": "SDET Engineer", "8": "SDET - 100% Remote Job", "9": "Senior Software Developer in Test (SDET)", "10": "Software Developer in Test (SDET)", "11": "BlockChainDev", "12": "Sr. SDET", "13": "AWS SDET with Java - Contract - Remote", "14": "SDET Engineer w/t Java Coding experience.", "15": "Quality Assurance Analyst (SDET, Automated, Java, Python)", "16": "Java SDET Engineer", "17": "Senior C#.net SDET Engineer, Selenium, Framework Creation, Agile, Leadership (Fulltime/Direct Hire is also an option)", "18": "SDET", "19": "Lead SDET Engineer  New updated Role is  Senior Software Developer", "20": "\"SDET1\"", "21": "\"SDET5\"", "22": "\"SDET15\"", "23": "\"SDET15\"", "24": "\"SDET15\"", "25": "\"SDETJr\"", "26": "\"SDET11\"", "27": "\"SDET1\"", "28": "\"SDET10\"", "29": "\"SDET10\"", "30": "Engineer", "31": "Solution Architect", "32": "Tester", "33": "\"Modifying \"", "34": "SDET18"}, "Job Company Name": {"0": "Signature Consultants", "1": "Xoriant Corporation", "2": "SQA Group", "3": "Talent Software Services, Inc", "4": "Swanktek", "5": "Astir IT Solutions", "6": "Elevate Digital", "7": "Vinsys Information Technology, Inc", "8": "Orpine.com", "9": "Infostretch Corporation", "10": "Bourntec Solutions, Inc.", "11": "InfiCare Technologies", "12": "Luxoft USA Inc", "13": "Lorven Technologies, Inc.", "14": "Torque Technologies LLC", "15": "Computer Enterprises, Inc.", "16": "Novateur Technologies Inc.", "17": "Xoriant Corporation", "18": "Kforce Technology Staffing", "19": "Activesoft, Inc.", "20": "\"NumpyNinJA\"", "21": "\"Numpy\"", "22": "\"Numpyaaa\"", "23": "\"Numpyaaa\"", "24": "\"Numpyaaa\"", "25": "\"ABCDEFGH\"", "26": "\"Creative Power\"", "27": "\"Creative  the Power\"", "28": "\"Company\"", "29": "\"Company\"", "30": "Orion Technologies", "31": "Symphony Inc", "32": "Caprus Ltd", "33": "Wholefoods", "34": "Beckman"}, "Job Location": {"0": "Vinings, GA, USA", "1": "Santa Clara, CA, USA", "2": "Pune1", "3": "Seattle, WA, USA", "4": "Atlanta, GA, USA", "5": "Remote or San Francisco, CA, USA", "6": "Remote", "7": "Monte Sereno, CA, USA", "8": "Remote", "9": "Santa Clara, CA, USA", "10": "Remote", "11": "NewYork", "12": "Irvine, CA, USA", "13": "Remote", "14": "Atlanta, GA, USA", "15": "Sunnyvale, CA, USA", "16": "Weehawken, NJ, USA", "17": "Remote", "18": "Greenwood Village, CO, USA", "19": "Irving, TX, USA  Relocation is now  atlanta", "20": "\"Tustin,CA\"", "21": "\"TEM,CA\"", "22": "\"TEMPA,CA\"", "23": "\"TEMPA,CA\"", "24": "\"TEMPA,CA\"", "25": "\"Wexford,Pa\"", "26": "\"SouthFayette,Pa\"", "27": "\"SouthFayette1,Pa\"", "28": "\"SouthFayette2,Pa\"", "29": "\"SouthFayette2,Pa\"", "30": "Hyderabad,INDIA", "31": "St.Louis,MI", "32": "Bellevue,WA", "33": "Atlanta", "34": "Fullerton,California"}, "Job Type": {"0": "Contract", "1": "Contract, Third Party", "2": "Contract", "3": "Contract", "4": "Full-time", "5": "Contract", "6": "Full-time", "7": "Full-time, Third Party, Contract", "8": "Contract, Third Party", "9": "Contract, Third Party", "10": "Contract", "11": "Full-time, Third Party", "12": "Full-time", "13": "Third Party, Contract", "14": "Contract", "15": "Contract", "16": "Contract, Third Party", "17": "Contract", "18": "Contract", "19": "Full-time", "20": "\"Contract\"", "21": "\"Contract\"", "22": "\"Contract\"", "23": "\"Contract\"", "24": "\"Contract\"", "25": "\"Contract\"", "26": "\"Contract\"", "27": "\"Contract\"", "28": "\"Contract\"", "29": "\"Contract\"", "30": "Full-time", "31": "Contract", "32": "Part-time", "33": "Full time", "34": "Fulltime"}, "Job Posted time": {"0": "44 minutes ago", "1": "6 hours ago", "2": "2 hours ago", "3": "2 minutes ago", "4": "6 hours ago", "5": "7 hours ago", "6": "10 hours ago", "7": "46 minutes ago", "8": "6 hours ago", "9": "5 hours ago", "10": "3 hours ago", "11": "25 minutes ago", "12": "2 hours ago", "13": "5 minutes ago", "14": "3 hours ago", "15": "5 hours ago", "16": "5 hours ago", "17": "2 hours ago", "18": "1 hour ago", "19": "7 hours ago", "20": NaN, "21": NaN, "22": NaN, "23": NaN, "24": "\"25minutes\"", "25": NaN, "26": NaN, "27": NaN, "28": NaN, "29": "\"28 mintues\"", "30": "5 minutes ago", "31": "3 minutes ago", "32": "1 minute ago", "33": "1 hr ago", "34": "10.20am"}, "Job Description": {"0": "Job Summary: Signature Consultants is seeking a Software Developer in Test (SDET) for an opportunity with a client located in Vinings, GA. Qualifications: Resources required for Quality assurance engineering Ability to automate any processes and functions Experience in standing up the automation from scratch Experience in writing file validation frameworks Expertise in the API and Database automation Expertise in writing Web automation framework Experience in the process automation Expertise", "1": "SDET Location: Santa Clara, CA Duration: Long Term Client is looking for a SDET contractor for the backend component testing. Someone with good python/java scripting skill and DB testing experience would be a good fit. Responsibilities Review product requirement, user experience specification, technical design specification for testability.Develop test strategy, test plan and test case for specific project/ productConduct test plan/cases review with cross-functional teams to ensure the test co", "2": "SQA Group is a technology and advisory services firm in growth mode, partnering with Fortune 500 companies, large enterprises and mid-market organizations to help our clients drive transformation. We introduce a blend of emerging technology solutions, data science services, and consulting services to fuel our clients\u2019 modernization initiatives. We are partnering with an insurance company that is undergoing a digital transformation initiative. As part of this larger transformation, SQA Group will", "3": "SDETJob Summary: Talent Software Services is in search of a SDET for a contract position in Seattle, WA. Opportunity will be one year with a strong chance for a long-term extension.Position Summary: Service level automation.Primary Responsibilities/Accountabilities: Modify existing databases and database management systems. Write and code logical and physical database descriptions and specify identifiers of database to management system or direct others in coding descriptions.Qualification: Kno", "4": "Hi, Greetings for the day!! Hope you are doing well!! Kindly check the below Job requirement and share with us your updated resume and the best time to reach you to discuss more on this position. If interested in this position, kindly mention the expected salary Role: SDET Lead Location of Requirement: Atlanta, GA Duration: Full Time Mandatory Technical / Functional Skills: 8-10+ years\u2019 experience working with web-based & cloud based software products/applications, APIs, Webservices and bac", "5": "Must have Trading experience and consultant must be local to CA. Analyzing the requirements from client. Arranging Test Environment to execute the test cases. Conducting Review Meetings. Analyzing and executing Test Cases. Defect Tracking. Communicating with Test Manager. Thank you, Prasad #x 715", "6": "We have a 100% remote, direct hire, opportunity for a Senior SDET tester. The client is looking for someone that has very strong java programming skills. They want this person's strongest skills to be with java development and being able to use those programming skills to help them with their automation. Ideally this individual has previously been a developer and transitioned into utilizing their programming skills for QA. The client offers a great compensation package with 5 weeks PTO, 401k mat", "7": "Hope you are doing well . We have urgent open position for SDET Engineer in Ft. Mill or Austin TX or Sandiego CA. pl. go thorugh with the below details and let me know your interest . If you are interested kindly share a copy of resume along with the rate / salary expectations and best time to reach you . Job Title : SDET Engineer Location : Ft. Mill or Austin TX or Sandiego CA Skills Needed : Need strong Testng, Selenium, Java Coding experience Must have: SDET Technical Skillset (Core Java,", "8": "Role: SDET Location: Remote job / Work for home Duration: 6 Months + Contract. Immediate interview / Urgent need Job Description:- The SDET is the person responsible for developing, implementing, and sustaining complex test automation using Agile automation techniques and tools. You will receive deep insight into the software development lifecycle along with freedom to complete your goals in your way. If you thrive in a fast-paced environment, operating at the tactical level, while solving dif", "9": "As a Senior Software Developer in Test, you will have the opportunity to work with experts in these fields to drive toward the common goal of bringing our sequencing platform to market. You will be responsible for test design, development, automation, deployment, execution, and reporting. In this role, you will represent quality engineering and verification on behalf of your feature team in Agile events and activities. Responsibilities Authoring and confirming correctness of user story-driven te", "10": "Greetings , This is Srini from Bourntec Inc, reaching out to see if you might be available and looking for any new opportunities, if yes please go through the below role and reply back with an updated resume and requested details below. Position: - Software Developer in Test (SDET) Location: Remote Duration: 5 Months Job description: A. PURPOSE AND GOALS \u2022 This resource will provide expert-level expertise in the area of design and code development for automated testing and executing t", "11": "Hi This is mayank from InficareTech ,If you are interested . Let me know best time to connect. With updated resume. Position- SDET Engineer with Appium Location-SFO,CA Contract Cucumber & Java (Strong java coding experience) Mobile testing Appium with any cloud services (Perfecto, Saucelabs,Browser Stack) Proficiency in writing Native app code test using Swift XCTest, Espresso with Kotlin with any Cloud services like (Sauce labs, Perfecto, Browser Stack, Seetest Cloud etc) Exposure to Applito", "12": "Project Description:Our Customer is one of the world's largest investment management companies. Based in Southern California, our client manages close to $2 trillion in assets. The Project: Luxoft is responsible for solution test automation for Investment Management , Equity Order Management platforms and other engagements of the Client. You will be developing scripts to support test automation via SIA framework as a part of the Luxoft's SDET team. This engagement covers test automation for", "13": "Job Title: AWS SDET with Java Job Location: Remote Job Type: Contract 12+ Months Strong Java programming skills, Junit, Cucumber BDD. Database experience: SQL/Oracle, Postgres Experience in tools like Postman, TIBCO EMS Experience in CI/CD using tools like Jenkins, UCD, GIT, JIRA Demonstrated experience with testing the applications on cloud (AWS) Working in distributed SOA environments including REST services. Demonstrated expertise in the full software development life cycle( SDLC), includi", "14": "Hi, Please find below the JD. Title: SDET Engineer Location: Atlanta, GA Duration: Long Term Overall Experience level: 8+ Yrs Job Description: Work discipline to support remote teams is a must - availability on Slack, Outlook, Phone, Zoom, responsiveness, flexibility, respecting core hours, advance time-off notifications, timely communication of ad-hoc time-offs like sick leaves, timely timesheet and time-off entries, uninterrupted internet connectionCommunication: clear communication o", "15": "Title: Quality Assurance Analyst (SDET, Automated, Java, Python) Location/Remote/Workspace: Sunnyvale California. (fully remote option available) (They are expecting to return at the end of August and this role would sit onsite in Sunnyvale) Duration: Contract Responsibility Establish milestones and monitor adherence to plans and schedules, identify delivery risks, and obtain/drive mitigation strategies and solutionsTest cases, Use cases, Python scripting for JAVA middleware development, REST,", "16": "Hi ,Job Title: Java SDET EngineerDuration:6+MonthsLocation: Weehawken, NJ3 Rounds of interviewNote: Need a person who can ready and write java code and do automation testing. Build automation framework from scratch.Primary Duties and Responsibilities: Design, develop and debug tests and Test Automation Framework in a complex environment using tools like RESTAPI, TestNG, Jenkins, Java and Gatling/LoadRunner.Execute tests, report results and open bugs as needed per organizational standards.Good ex", "17": "Must Haves: Senior C#.net SDET Engineer, Selenium, Framework Creation, Agile, Leadership <>Qualifications:Bachelor\u2019s degree in Computer Science or related field or equivalent combination of industry related professional experience and education3-5 years of working experienceWorking experience in software development and/or testingExperience coding in C#Experience working in Micro services architecture and testing restful API\u2019sWorking experience with software test tools and processes, building an", "18": "RESPONSIBILITIES: Kforce has a client in Greenwood Village", "19": "Technical Skills: \u2022 More than 3 years of experience implementing automation test framework for mobile apps / web portals / APIs / e-2-e / integration tests.", "20": "\"come and explore\"", "21": "\"come join us \"", "22": "\"comefind us  \"", "23": "\"comefind us  \"", "24": "\"comefind us  \"", "25": "\"ajdhiyfof ofrfo87ryfhfuhfoiurey\"", "26": "\"dhdshgkdashnbask ofrfo87ryfhfuhfoiurey\"", "27": "\"ofrfo87ryfhfuhfoiurey\"", "28": "\"rey\"", "29": "\"rey\"", "30": "Written Alogrithms", "31": "Written Testcases", "32": "writing Gherkins", "33": "It is SDET ", "34": "dumy"}, "Job Id": {"0": "1001", "1": "1002", "2": "1003", "3": "1004", "4": "1005", "5": "1006", "6": "1007", "7": "1008", "8": "1009", "9": "1010", "10": "1011", "11": "1012", "12": "1013", "13": "1014", "14": "1015", "15": "1016", "16": "1017", "17": "1018", "18": "1018", "19": "1019", "20": "\"1025\"", "21": "\"1026\"", "22": "\"1027\"", "23": "\"1028\"", "24": "\"1029\"", "25": "\"1031\"", "26": "\"1032\"", "27": "\"1033\"", "28": "\"1034\"", "29": "\"1035\"", "30": "1234", "31": "2345", "32": "3456", "33": "1037", "34": "1601"}}}
]]>
  </system-out>
  <testcase classname="com.lms.test.restapi18.PutRequestJobsAPI" name="HardCoded_JobsTestPutspecificPrograms" time="3.803"/>
  <system-out>
    <![CDATA[The status code received for hard coded post200
Hard Coded Put response Body using hash map{"data": {"Job Title": {"0": "SDET", "1": "SDET", "2": "Testing PUT", "3": "SDET", "4": "SDET", "5": "Jr SDET local to CA", "6": "100% Remote Direct Hire Senior SDET Tester- Java Programmer", "7": "SDET Engineer", "8": "SDET - 100% Remote Job", "9": "Senior Software Developer in Test (SDET)", "10": "Software Developer in Test (SDET)", "11": "SDET Engineer with Appium", "12": "Sr. SDET", "13": "AWS SDET with Java - Contract - Remote", "14": "SDET Engineer w/t Java Coding experience.", "15": "Quality Assurance Analyst (SDET, Automated, Java, Python)", "16": "Java SDET Engineer", "17": "Senior C#.net SDET Engineer, Selenium, Framework Creation, Agile, Leadership (Fulltime/Direct Hire is also an option)", "18": "SDET", "19": "Lead SDET Engineer  New updated Role is  Senior Software Developer", "20": "\"SDET1\"", "21": "\"SDET5\"", "22": "\"SDET15\"", "23": "\"SDET15\"", "24": "\"SDET15\"", "25": "\"SDETJr\"", "26": "\"SDET11\"", "27": "\"SDET1\"", "28": "\"SDET10\"", "29": "\"SDET10\"", "30": "Engineer", "31": "Solution Architect", "32": "Tester", "33": "\"Modifying \"", "34": "SDET18"}, "Job Company Name": {"0": "Signature Consultants", "1": "Xoriant Corporation", "2": "SQA Group", "3": "Talent Software Services, Inc", "4": "Swanktek", "5": "Astir IT Solutions", "6": "Elevate Digital", "7": "Vinsys Information Technology, Inc", "8": "Orpine.com", "9": "Infostretch Corporation", "10": "Bourntec Solutions, Inc.", "11": "InfiCare Technologies", "12": "Luxoft USA Inc", "13": "Lorven Technologies, Inc.", "14": "Torque Technologies LLC", "15": "Computer Enterprises, Inc.", "16": "Novateur Technologies Inc.", "17": "Xoriant Corporation", "18": "Kforce Technology Staffing", "19": "Activesoft, Inc.", "20": "\"NumpyNinJA\"", "21": "\"Numpy\"", "22": "\"Numpyaaa\"", "23": "\"Numpyaaa\"", "24": "\"Numpyaaa\"", "25": "\"ABCDEFGH\"", "26": "\"Creative Power\"", "27": "\"Creative  the Power\"", "28": "\"Company\"", "29": "\"Company\"", "30": "Orion Technologies", "31": "Symphony Inc", "32": "Caprus Ltd", "33": "Wholefoods", "34": "Beckman"}, "Job Location": {"0": "Vinings, GA, USA", "1": "Santa Clara, CA, USA", "2": "Pune1", "3": "Seattle, WA, USA", "4": "Atlanta, GA, USA", "5": "Remote or San Francisco, CA, USA", "6": "Remote", "7": "Monte Sereno, CA, USA", "8": "Remote", "9": "Santa Clara, CA, USA", "10": "Remote", "11": "San Francisco, CA, USA", "12": "Irvine, CA, USA", "13": "Remote", "14": "Atlanta, GA, USA", "15": "Sunnyvale, CA, USA", "16": "Weehawken, NJ, USA", "17": "Remote", "18": "Greenwood Village, CO, USA", "19": "Irving, TX, USA  Relocation is now  atlanta", "20": "\"Tustin,CA\"", "21": "\"TEM,CA\"", "22": "\"TEMPA,CA\"", "23": "\"TEMPA,CA\"", "24": "\"TEMPA,CA\"", "25": "\"Wexford,Pa\"", "26": "\"SouthFayette,Pa\"", "27": "\"SouthFayette1,Pa\"", "28": "\"SouthFayette2,Pa\"", "29": "\"SouthFayette2,Pa\"", "30": "Hyderabad,INDIA", "31": "St.Louis,MI", "32": "Bellevue,WA", "33": "Atlanta", "34": "Fullerton,California"}, "Job Type": {"0": "Contract", "1": "Contract, Third Party", "2": "Contract", "3": "Contract", "4": "Full-time", "5": "Contract", "6": "Full-time", "7": "Full-time, Third Party, Contract", "8": "Contract, Third Party", "9": "Contract, Third Party", "10": "Contract", "11": "Full-time, Third Party", "12": "Full-time", "13": "Third Party, Contract", "14": "Contract", "15": "Contract", "16": "Contract, Third Party", "17": "Contract", "18": "Contract", "19": "Full-time", "20": "\"Contract\"", "21": "\"Contract\"", "22": "\"Contract\"", "23": "\"Contract\"", "24": "\"Contract\"", "25": "\"Contract\"", "26": "\"Contract\"", "27": "\"Contract\"", "28": "\"Contract\"", "29": "\"Contract\"", "30": "Full-time", "31": "Contract", "32": "Part-time", "33": "Full time", "34": "Fulltime"}, "Job Posted time": {"0": "44 minutes ago", "1": "6 hours ago", "2": "2 hours ago", "3": "2 minutes ago", "4": "6 hours ago", "5": "7 hours ago", "6": "10 hours ago", "7": "46 minutes ago", "8": "6 hours ago", "9": "5 hours ago", "10": "3 hours ago", "11": "25 minutes ago", "12": "2 hours ago", "13": "5 minutes ago", "14": "3 hours ago", "15": "5 hours ago", "16": "5 hours ago", "17": "2 hours ago", "18": "1 hour ago", "19": "7 hours ago", "20": NaN, "21": NaN, "22": NaN, "23": NaN, "24": "\"25minutes\"", "25": NaN, "26": NaN, "27": NaN, "28": NaN, "29": "\"28 mintues\"", "30": "5 minutes ago", "31": "3 minutes ago", "32": "1 minute ago", "33": "1 hr ago", "34": "10.20am"}, "Job Description": {"0": "Job Summary: Signature Consultants is seeking a Software Developer in Test (SDET) for an opportunity with a client located in Vinings, GA. Qualifications: Resources required for Quality assurance engineering Ability to automate any processes and functions Experience in standing up the automation from scratch Experience in writing file validation frameworks Expertise in the API and Database automation Expertise in writing Web automation framework Experience in the process automation Expertise", "1": "SDET Location: Santa Clara, CA Duration: Long Term Client is looking for a SDET contractor for the backend component testing. Someone with good python/java scripting skill and DB testing experience would be a good fit. Responsibilities Review product requirement, user experience specification, technical design specification for testability.Develop test strategy, test plan and test case for specific project/ productConduct test plan/cases review with cross-functional teams to ensure the test co", "2": "SQA Group is a technology and advisory services firm in growth mode, partnering with Fortune 500 companies, large enterprises and mid-market organizations to help our clients drive transformation. We introduce a blend of emerging technology solutions, data science services, and consulting services to fuel our clients\u2019 modernization initiatives. We are partnering with an insurance company that is undergoing a digital transformation initiative. As part of this larger transformation, SQA Group will", "3": "SDETJob Summary: Talent Software Services is in search of a SDET for a contract position in Seattle, WA. Opportunity will be one year with a strong chance for a long-term extension.Position Summary: Service level automation.Primary Responsibilities/Accountabilities: Modify existing databases and database management systems. Write and code logical and physical database descriptions and specify identifiers of database to management system or direct others in coding descriptions.Qualification: Kno", "4": "Hi, Greetings for the day!! Hope you are doing well!! Kindly check the below Job requirement and share with us your updated resume and the best time to reach you to discuss more on this position. If interested in this position, kindly mention the expected salary Role: SDET Lead Location of Requirement: Atlanta, GA Duration: Full Time Mandatory Technical / Functional Skills: 8-10+ years\u2019 experience working with web-based & cloud based software products/applications, APIs, Webservices and bac", "5": "Must have Trading experience and consultant must be local to CA. Analyzing the requirements from client. Arranging Test Environment to execute the test cases. Conducting Review Meetings. Analyzing and executing Test Cases. Defect Tracking. Communicating with Test Manager. Thank you, Prasad #x 715", "6": "We have a 100% remote, direct hire, opportunity for a Senior SDET tester. The client is looking for someone that has very strong java programming skills. They want this person's strongest skills to be with java development and being able to use those programming skills to help them with their automation. Ideally this individual has previously been a developer and transitioned into utilizing their programming skills for QA. The client offers a great compensation package with 5 weeks PTO, 401k mat", "7": "Hope you are doing well . We have urgent open position for SDET Engineer in Ft. Mill or Austin TX or Sandiego CA. pl. go thorugh with the below details and let me know your interest . If you are interested kindly share a copy of resume along with the rate / salary expectations and best time to reach you . Job Title : SDET Engineer Location : Ft. Mill or Austin TX or Sandiego CA Skills Needed : Need strong Testng, Selenium, Java Coding experience Must have: SDET Technical Skillset (Core Java,", "8": "Role: SDET Location: Remote job / Work for home Duration: 6 Months + Contract. Immediate interview / Urgent need Job Description:- The SDET is the person responsible for developing, implementing, and sustaining complex test automation using Agile automation techniques and tools. You will receive deep insight into the software development lifecycle along with freedom to complete your goals in your way. If you thrive in a fast-paced environment, operating at the tactical level, while solving dif", "9": "As a Senior Software Developer in Test, you will have the opportunity to work with experts in these fields to drive toward the common goal of bringing our sequencing platform to market. You will be responsible for test design, development, automation, deployment, execution, and reporting. In this role, you will represent quality engineering and verification on behalf of your feature team in Agile events and activities. Responsibilities Authoring and confirming correctness of user story-driven te", "10": "Greetings , This is Srini from Bourntec Inc, reaching out to see if you might be available and looking for any new opportunities, if yes please go through the below role and reply back with an updated resume and requested details below. Position: - Software Developer in Test (SDET) Location: Remote Duration: 5 Months Job description: A. PURPOSE AND GOALS \u2022 This resource will provide expert-level expertise in the area of design and code development for automated testing and executing t", "11": "Hi This is mayank from InficareTech ,If you are interested . Let me know best time to connect. With updated resume. Position- SDET Engineer with Appium Location-SFO,CA Contract Cucumber & Java (Strong java coding experience) Mobile testing Appium with any cloud services (Perfecto, Saucelabs,Browser Stack) Proficiency in writing Native app code test using Swift XCTest, Espresso with Kotlin with any Cloud services like (Sauce labs, Perfecto, Browser Stack, Seetest Cloud etc) Exposure to Applito", "12": "Project Description:Our Customer is one of the world's largest investment management companies. Based in Southern California, our client manages close to $2 trillion in assets. The Project: Luxoft is responsible for solution test automation for Investment Management , Equity Order Management platforms and other engagements of the Client. You will be developing scripts to support test automation via SIA framework as a part of the Luxoft's SDET team. This engagement covers test automation for", "13": "Job Title: AWS SDET with Java Job Location: Remote Job Type: Contract 12+ Months Strong Java programming skills, Junit, Cucumber BDD. Database experience: SQL/Oracle, Postgres Experience in tools like Postman, TIBCO EMS Experience in CI/CD using tools like Jenkins, UCD, GIT, JIRA Demonstrated experience with testing the applications on cloud (AWS) Working in distributed SOA environments including REST services. Demonstrated expertise in the full software development life cycle( SDLC), includi", "14": "Hi, Please find below the JD. Title: SDET Engineer Location: Atlanta, GA Duration: Long Term Overall Experience level: 8+ Yrs Job Description: Work discipline to support remote teams is a must - availability on Slack, Outlook, Phone, Zoom, responsiveness, flexibility, respecting core hours, advance time-off notifications, timely communication of ad-hoc time-offs like sick leaves, timely timesheet and time-off entries, uninterrupted internet connectionCommunication: clear communication o", "15": "Title: Quality Assurance Analyst (SDET, Automated, Java, Python) Location/Remote/Workspace: Sunnyvale California. (fully remote option available) (They are expecting to return at the end of August and this role would sit onsite in Sunnyvale) Duration: Contract Responsibility Establish milestones and monitor adherence to plans and schedules, identify delivery risks, and obtain/drive mitigation strategies and solutionsTest cases, Use cases, Python scripting for JAVA middleware development, REST,", "16": "Hi ,Job Title: Java SDET EngineerDuration:6+MonthsLocation: Weehawken, NJ3 Rounds of interviewNote: Need a person who can ready and write java code and do automation testing. Build automation framework from scratch.Primary Duties and Responsibilities: Design, develop and debug tests and Test Automation Framework in a complex environment using tools like RESTAPI, TestNG, Jenkins, Java and Gatling/LoadRunner.Execute tests, report results and open bugs as needed per organizational standards.Good ex", "17": "Must Haves: Senior C#.net SDET Engineer, Selenium, Framework Creation, Agile, Leadership <>Qualifications:Bachelor\u2019s degree in Computer Science or related field or equivalent combination of industry related professional experience and education3-5 years of working experienceWorking experience in software development and/or testingExperience coding in C#Experience working in Micro services architecture and testing restful API\u2019sWorking experience with software test tools and processes, building an", "18": "RESPONSIBILITIES: Kforce has a client in Greenwood Village", "19": "Technical Skills: \u2022 More than 3 years of experience implementing automation test framework for mobile apps / web portals / APIs / e-2-e / integration tests.", "20": "\"come and explore\"", "21": "\"come join us \"", "22": "\"comefind us  \"", "23": "\"comefind us  \"", "24": "\"comefind us  \"", "25": "\"ajdhiyfof ofrfo87ryfhfuhfoiurey\"", "26": "\"dhdshgkdashnbask ofrfo87ryfhfuhfoiurey\"", "27": "\"ofrfo87ryfhfuhfoiurey\"", "28": "\"rey\"", "29": "\"rey\"", "30": "Written Alogrithms", "31": "Written Testcases", "32": "writing Gherkins", "33": "It is SDET ", "34": "dumy"}, "Job Id": {"0": "1001", "1": "1002", "2": "1003", "3": "1004", "4": "1005", "5": "1006", "6": "1007", "7": "1008", "8": "1009", "9": "1010", "10": "1011", "11": "1012", "12": "1013", "13": "1014", "14": "1015", "15": "1016", "16": "1017", "17": "1018", "18": "1018", "19": "1019", "20": "\"1025\"", "21": "\"1026\"", "22": "\"1027\"", "23": "\"1028\"", "24": "\"1029\"", "25": "\"1031\"", "26": "\"1032\"", "27": "\"1033\"", "28": "\"1034\"", "29": "\"1035\"", "30": "1234", "31": "2345", "32": "3456", "33": "1037", "34": "1601"}}}
]]>
  </system-out>
  <testcase classname="com.lms.test.restapi18.PutRequestJobsAPI" name="JSONParamsPUTHardCoded" time="0.173"/>
  <system-out>
    <![CDATA[response Body{"data": {"Job Title": {"0": "SDET", "1": "SDET", "2": "Testing PUT", "3": "SDET", "4": "SDET", "5": "Jr SDET local to CA", "6": "100% Remote Direct Hire Senior SDET Tester- Java Programmer", "7": "SDET Engineer", "8": "SDET - 100% Remote Job", "9": "Senior Software Developer in Test (SDET)", "10": "SDET2", "11": "BlockChainDev", "12": "Sr. SDET", "13": "AWS SDET with Java - Contract - Remote", "14": "SDET Engineer w/t Java Coding experience.", "15": "Quality Assurance Analyst (SDET, Automated, Java, Python)", "16": "Java SDET Engineer", "17": "Senior C#.net SDET Engineer, Selenium, Framework Creation, Agile, Leadership (Fulltime/Direct Hire is also an option)", "18": "SDET", "19": "Lead SDET Engineer  New updated Role is  Senior Software Developer", "20": "\"SDET1\"", "21": "\"SDET5\"", "22": "\"SDET15\"", "23": "\"SDET15\"", "24": "\"SDET15\"", "25": "\"SDETJr\"", "26": "\"SDET11\"", "27": "\"SDET1\"", "28": "\"SDET10\"", "29": "\"SDET10\"", "30": "Engineer", "31": "Solution Architect", "32": "Tester", "33": "\"Modifying \"", "34": "SDET18"}, "Job Company Name": {"0": "Signature Consultants", "1": "Xoriant Corporation", "2": "SQA Group", "3": "Talent Software Services, Inc", "4": "Swanktek", "5": "Astir IT Solutions", "6": "Elevate Digital", "7": "Vinsys Information Technology, Inc", "8": "Orpine.com", "9": "Infostretch Corporation", "10": "Bourntec Solutions, Inc.", "11": "InfiCare Technologies", "12": "Luxoft USA Inc", "13": "Lorven Technologies, Inc.", "14": "Torque Technologies LLC", "15": "Computer Enterprises, Inc.", "16": "Novateur Technologies Inc.", "17": "Xoriant Corporation", "18": "Kforce Technology Staffing", "19": "Activesoft, Inc.", "20": "\"NumpyNinJA\"", "21": "\"Numpy\"", "22": "\"Numpyaaa\"", "23": "\"Numpyaaa\"", "24": "\"Numpyaaa\"", "25": "\"ABCDEFGH\"", "26": "\"Creative Power\"", "27": "\"Creative  the Power\"", "28": "\"Company\"", "29": "\"Company\"", "30": "Orion Technologies", "31": "Symphony Inc", "32": "Caprus Ltd", "33": "Wholefoods", "34": "Beckman"}, "Job Location": {"0": "Vinings, GA, USA", "1": "Santa Clara, CA, USA", "2": "Pune1", "3": "Seattle, WA, USA", "4": "Atlanta, GA, USA", "5": "Remote or San Francisco, CA, USA", "6": "Remote", "7": "Monte Sereno, CA, USA", "8": "Remote", "9": "Santa Clara, CA, USA", "10": "Florida", "11": "NewYork", "12": "Irvine, CA, USA", "13": "Remote", "14": "Atlanta, GA, USA", "15": "Sunnyvale, CA, USA", "16": "Weehawken, NJ, USA", "17": "Remote", "18": "Greenwood Village, CO, USA", "19": "Irving, TX, USA  Relocation is now  atlanta", "20": "\"Tustin,CA\"", "21": "\"TEM,CA\"", "22": "\"TEMPA,CA\"", "23": "\"TEMPA,CA\"", "24": "\"TEMPA,CA\"", "25": "\"Wexford,Pa\"", "26": "\"SouthFayette,Pa\"", "27": "\"SouthFayette1,Pa\"", "28": "\"SouthFayette2,Pa\"", "29": "\"SouthFayette2,Pa\"", "30": "Hyderabad,INDIA", "31": "St.Louis,MI", "32": "Bellevue,WA", "33": "Atlanta", "34": "Fullerton,California"}, "Job Type": {"0": "Contract", "1": "Contract, Third Party", "2": "Contract", "3": "Contract", "4": "Full-time", "5": "Contract", "6": "Full-time", "7": "Full-time, Third Party, Contract", "8": "Contract, Third Party", "9": "Contract, Third Party", "10": "Contract", "11": "Full-time, Third Party", "12": "Full-time", "13": "Third Party, Contract", "14": "Contract", "15": "Contract", "16": "Contract, Third Party", "17": "Contract", "18": "Contract", "19": "Full-time", "20": "\"Contract\"", "21": "\"Contract\"", "22": "\"Contract\"", "23": "\"Contract\"", "24": "\"Contract\"", "25": "\"Contract\"", "26": "\"Contract\"", "27": "\"Contract\"", "28": "\"Contract\"", "29": "\"Contract\"", "30": "Full-time", "31": "Contract", "32": "Part-time", "33": "Full time", "34": "Fulltime"}, "Job Posted time": {"0": "44 minutes ago", "1": "6 hours ago", "2": "2 hours ago", "3": "2 minutes ago", "4": "6 hours ago", "5": "7 hours ago", "6": "10 hours ago", "7": "46 minutes ago", "8": "6 hours ago", "9": "5 hours ago", "10": "3 hours ago", "11": "25 minutes ago", "12": "2 hours ago", "13": "5 minutes ago", "14": "3 hours ago", "15": "5 hours ago", "16": "5 hours ago", "17": "2 hours ago", "18": "1 hour ago", "19": "7 hours ago", "20": NaN, "21": NaN, "22": NaN, "23": NaN, "24": "\"25minutes\"", "25": NaN, "26": NaN, "27": NaN, "28": NaN, "29": "\"28 mintues\"", "30": "5 minutes ago", "31": "3 minutes ago", "32": "1 minute ago", "33": "1 hr ago", "34": "10.20am"}, "Job Description": {"0": "Job Summary: Signature Consultants is seeking a Software Developer in Test (SDET) for an opportunity with a client located in Vinings, GA. Qualifications: Resources required for Quality assurance engineering Ability to automate any processes and functions Experience in standing up the automation from scratch Experience in writing file validation frameworks Expertise in the API and Database automation Expertise in writing Web automation framework Experience in the process automation Expertise", "1": "SDET Location: Santa Clara, CA Duration: Long Term Client is looking for a SDET contractor for the backend component testing. Someone with good python/java scripting skill and DB testing experience would be a good fit. Responsibilities Review product requirement, user experience specification, technical design specification for testability.Develop test strategy, test plan and test case for specific project/ productConduct test plan/cases review with cross-functional teams to ensure the test co", "2": "SQA Group is a technology and advisory services firm in growth mode, partnering with Fortune 500 companies, large enterprises and mid-market organizations to help our clients drive transformation. We introduce a blend of emerging technology solutions, data science services, and consulting services to fuel our clients\u2019 modernization initiatives. We are partnering with an insurance company that is undergoing a digital transformation initiative. As part of this larger transformation, SQA Group will", "3": "SDETJob Summary: Talent Software Services is in search of a SDET for a contract position in Seattle, WA. Opportunity will be one year with a strong chance for a long-term extension.Position Summary: Service level automation.Primary Responsibilities/Accountabilities: Modify existing databases and database management systems. Write and code logical and physical database descriptions and specify identifiers of database to management system or direct others in coding descriptions.Qualification: Kno", "4": "Hi, Greetings for the day!! Hope you are doing well!! Kindly check the below Job requirement and share with us your updated resume and the best time to reach you to discuss more on this position. If interested in this position, kindly mention the expected salary Role: SDET Lead Location of Requirement: Atlanta, GA Duration: Full Time Mandatory Technical / Functional Skills: 8-10+ years\u2019 experience working with web-based & cloud based software products/applications, APIs, Webservices and bac", "5": "Must have Trading experience and consultant must be local to CA. Analyzing the requirements from client. Arranging Test Environment to execute the test cases. Conducting Review Meetings. Analyzing and executing Test Cases. Defect Tracking. Communicating with Test Manager. Thank you, Prasad #x 715", "6": "We have a 100% remote, direct hire, opportunity for a Senior SDET tester. The client is looking for someone that has very strong java programming skills. They want this person's strongest skills to be with java development and being able to use those programming skills to help them with their automation. Ideally this individual has previously been a developer and transitioned into utilizing their programming skills for QA. The client offers a great compensation package with 5 weeks PTO, 401k mat", "7": "Hope you are doing well . We have urgent open position for SDET Engineer in Ft. Mill or Austin TX or Sandiego CA. pl. go thorugh with the below details and let me know your interest . If you are interested kindly share a copy of resume along with the rate / salary expectations and best time to reach you . Job Title : SDET Engineer Location : Ft. Mill or Austin TX or Sandiego CA Skills Needed : Need strong Testng, Selenium, Java Coding experience Must have: SDET Technical Skillset (Core Java,", "8": "Role: SDET Location: Remote job / Work for home Duration: 6 Months + Contract. Immediate interview / Urgent need Job Description:- The SDET is the person responsible for developing, implementing, and sustaining complex test automation using Agile automation techniques and tools. You will receive deep insight into the software development lifecycle along with freedom to complete your goals in your way. If you thrive in a fast-paced environment, operating at the tactical level, while solving dif", "9": "As a Senior Software Developer in Test, you will have the opportunity to work with experts in these fields to drive toward the common goal of bringing our sequencing platform to market. You will be responsible for test design, development, automation, deployment, execution, and reporting. In this role, you will represent quality engineering and verification on behalf of your feature team in Agile events and activities. Responsibilities Authoring and confirming correctness of user story-driven te", "10": "Greetings , This is Srini from Bourntec Inc, reaching out to see if you might be available and looking for any new opportunities, if yes please go through the below role and reply back with an updated resume and requested details below. Position: - Software Developer in Test (SDET) Location: Remote Duration: 5 Months Job description: A. PURPOSE AND GOALS \u2022 This resource will provide expert-level expertise in the area of design and code development for automated testing and executing t", "11": "Hi This is mayank from InficareTech ,If you are interested . Let me know best time to connect. With updated resume. Position- SDET Engineer with Appium Location-SFO,CA Contract Cucumber & Java (Strong java coding experience) Mobile testing Appium with any cloud services (Perfecto, Saucelabs,Browser Stack) Proficiency in writing Native app code test using Swift XCTest, Espresso with Kotlin with any Cloud services like (Sauce labs, Perfecto, Browser Stack, Seetest Cloud etc) Exposure to Applito", "12": "Project Description:Our Customer is one of the world's largest investment management companies. Based in Southern California, our client manages close to $2 trillion in assets. The Project: Luxoft is responsible for solution test automation for Investment Management , Equity Order Management platforms and other engagements of the Client. You will be developing scripts to support test automation via SIA framework as a part of the Luxoft's SDET team. This engagement covers test automation for", "13": "Job Title: AWS SDET with Java Job Location: Remote Job Type: Contract 12+ Months Strong Java programming skills, Junit, Cucumber BDD. Database experience: SQL/Oracle, Postgres Experience in tools like Postman, TIBCO EMS Experience in CI/CD using tools like Jenkins, UCD, GIT, JIRA Demonstrated experience with testing the applications on cloud (AWS) Working in distributed SOA environments including REST services. Demonstrated expertise in the full software development life cycle( SDLC), includi", "14": "Hi, Please find below the JD. Title: SDET Engineer Location: Atlanta, GA Duration: Long Term Overall Experience level: 8+ Yrs Job Description: Work discipline to support remote teams is a must - availability on Slack, Outlook, Phone, Zoom, responsiveness, flexibility, respecting core hours, advance time-off notifications, timely communication of ad-hoc time-offs like sick leaves, timely timesheet and time-off entries, uninterrupted internet connectionCommunication: clear communication o", "15": "Title: Quality Assurance Analyst (SDET, Automated, Java, Python) Location/Remote/Workspace: Sunnyvale California. (fully remote option available) (They are expecting to return at the end of August and this role would sit onsite in Sunnyvale) Duration: Contract Responsibility Establish milestones and monitor adherence to plans and schedules, identify delivery risks, and obtain/drive mitigation strategies and solutionsTest cases, Use cases, Python scripting for JAVA middleware development, REST,", "16": "Hi ,Job Title: Java SDET EngineerDuration:6+MonthsLocation: Weehawken, NJ3 Rounds of interviewNote: Need a person who can ready and write java code and do automation testing. Build automation framework from scratch.Primary Duties and Responsibilities: Design, develop and debug tests and Test Automation Framework in a complex environment using tools like RESTAPI, TestNG, Jenkins, Java and Gatling/LoadRunner.Execute tests, report results and open bugs as needed per organizational standards.Good ex", "17": "Must Haves: Senior C#.net SDET Engineer, Selenium, Framework Creation, Agile, Leadership <>Qualifications:Bachelor\u2019s degree in Computer Science or related field or equivalent combination of industry related professional experience and education3-5 years of working experienceWorking experience in software development and/or testingExperience coding in C#Experience working in Micro services architecture and testing restful API\u2019sWorking experience with software test tools and processes, building an", "18": "RESPONSIBILITIES: Kforce has a client in Greenwood Village", "19": "Technical Skills: \u2022 More than 3 years of experience implementing automation test framework for mobile apps / web portals / APIs / e-2-e / integration tests.", "20": "\"come and explore\"", "21": "\"come join us \"", "22": "\"comefind us  \"", "23": "\"comefind us  \"", "24": "\"comefind us  \"", "25": "\"ajdhiyfof ofrfo87ryfhfuhfoiurey\"", "26": "\"dhdshgkdashnbask ofrfo87ryfhfuhfoiurey\"", "27": "\"ofrfo87ryfhfuhfoiurey\"", "28": "\"rey\"", "29": "\"rey\"", "30": "Written Alogrithms", "31": "Written Testcases", "32": "writing Gherkins", "33": "It is SDET ", "34": "dumy"}, "Job Id": {"0": "1001", "1": "1002", "2": "1003", "3": "1004", "4": "1005", "5": "1006", "6": "1007", "7": "1008", "8": "1009", "9": "1010", "10": "1011", "11": "1012", "12": "1013", "13": "1014", "14": "1015", "15": "1016", "16": "1017", "17": "1018", "18": "1018", "19": "1019", "20": "\"1025\"", "21": "\"1026\"", "22": "\"1027\"", "23": "\"1028\"", "24": "\"1029\"", "25": "\"1031\"", "26": "\"1032\"", "27": "\"1033\"", "28": "\"1034\"", "29": "\"1035\"", "30": "1234", "31": "2345", "32": "3456", "33": "1037", "34": "1601"}}}
]]>
  </system-out>
</testsuite> <!-- com.lms.test.restapi18.PutRequestJobsAPI -->
