<?xml version="1.0" encoding="UTF-8"?>
<!-- Generated by org.testng.reporters.JUnitReportReporter -->
<testsuite hostname="ASUS-PC" failures="0" tests="1" name="com.lms.test.restapi18.PostRequestJobsAPI" time="4.561" errors="0" timestamp="2021-12-06T18:35:58 EST" skipped="0">
  <testcase classname="com.lms.test.restapi18.PostRequestJobsAPI" name="HashMap_Data_Driven_Excel_testPostspecificProgramsJobsAPI" time="4.561"/>
  <system-out>
    <![CDATA[The status code received for post200
Post response Body using hash map data driven{
    "data": {
        "Job Title": {
            "0": "SDET",
            "1": "SDET",
            "2": "SDET",
            "3": "SDET",
            "4": "Jr SDET local to CA",
            "5": "100% Remote Direct Hire Senior SDET Tester- Java Programmer",
            "6": "SDET Engineer",
            "7": "SDET - 100% Remote Job",
            "8": "Senior Software Developer in Test (SDET)",
            "9": "SDET2",
            "10": "BlockChainDev",
            "11": "Sr. SDET",
            "12": "Quality Assurance Analyst (SDET, Automated, Java, Python)",
            "13": "Senior C#.net SDET Engineer, Selenium, Framework Creation, Agile, Leadership (Fulltime/Direct Hire is also an option)",
            "14": "SDET",
            "15": "API Postman",
            "16": "swagger",
            "17": "SDET TriState",
            "18": "SDET TriState",
            "19": "SDET TriState",
            "20": "SDET TriState",
            "21": "Test Supriya",
            "22": "Krish API",
            "23": "Testing PUT",
            "24": "Test Supriya",
            "25": "ABC",
            "26": "ScrumMaster",
            "27": "Scrum Master",
            "28": "Scrum Master",
            "29": "Scrum Master",
            "30": "Scrum Master",
            "31": "Scrum Master",
            "32": "Scrum Master",
            "33": "Scrum Master",
            "34": "Scrum Master",
            "35": "Scrum Master",
            "36": "Scrum Master",
            "37": "Scrum Master",
            "38": "Scrum Master",
            "39": "Scrum Master",
            "40": "Scrum Master",
            "41": "Scrum Master",
            "42": "SDET TriState",
            "43": "ABC",
            "44": "Test Supriya",
            "45": "Scrum Master",
            "46": "Scrum Master",
            "47": "Scrum Master",
            "48": "Scrum Master",
            "49": "Scrum Master",
            "50": "Scrum Master",
            "51": "Scrum Master",
            "52": "Scrum Master",
            "53": "SDET 61",
            "54": "SDET 61",
            "55": "SDET 61",
            "56": "SDET 61",
            "57": "SDET 61",
            "58": "SDET 61",
            "59": "SDET 61",
            "60": "Scrum Master",
            "61": "Scrum Master",
            "62": "Scrum Master",
            "63": "Scrum Master",
            "64": "Scrum Master",
            "65": "Software Tester",
            "66": "Scrum Master",
            "67": "SDET 83",
            "68": "SDET",
            "69": "Scrum Master",
            "70": "\"Testing Description for 23466\"",
            "71": "ABC"
        },
        "Job Company Name": {
            "0": "Signature Consultants",
            "1": "Xoriant Corporation",
            "2": "SQA Group",
            "3": "Swanktek",
            "4": "Astir IT Solutions",
            "5": "Elevate Digital",
            "6": "Vinsys Information Technology, Inc",
            "7": "Orpine.com",
            "8": "Infostretch Corporation",
            "9": "Bourntec Solutions, Inc.",
            "10": "InfiCare Technologies",
            "11": "Luxoft USA Inc",
            "12": "Computer Enterprises, Inc.",
            "13": "Xoriant Corporation",
            "14": "Kforce Technology Staffing",
            "15": "Verizon",
            "16": "TCS",
            "17": "RestAssuredSDET18",
            "18": "RestAssuredSDET18",
            "19": "RestAssuredSDET18",
            "20": "RestAssuredSDET18",
            "21": "JobCompanyName",
            "22": "Krish Company",
            "23": "RestAssuredSDET18",
            "24": "JobCompanyName",
            "25": "Intel",
            "26": "Veritas",
            "27": "Veritas",
            "28": "Veritas",
            "29": "Veritas",
            "30": "Veritas",
            "31": "Veritas",
            "32": "Veritas",
            "33": "Veritas",
            "34": "Veritas",
            "35": "Veritas",
            "36": "Veritas",
            "37": "Veritas",
            "38": "Veritas",
            "39": "Veritas",
            "40": "Veritas",
            "41": "Veritas",
            "42": "RestAssuredSDET18",
            "43": "Intel",
            "44": "JobCompanyName",
            "45": "Veritas",
            "46": "Veritas",
            "47": "Veritas",
            "48": "Veritas",
            "49": "Veritas",
            "50": "Veritas",
            "51": "Veritas",
            "52": "Veritas",
            "53": "Shakthi",
            "54": "Shakthi",
            "55": "Shakthi",
            "56": "Shakthi",
            "57": "Shakthi",
            "58": "Shakthi",
            "59": "Shakthi",
            "60": "Veritas",
            "61": "Veritas",
            "62": "Veritas",
            "63": "Veritas",
            "64": "Veritas",
            "65": "Birlasoft",
            "66": "Veritas",
            "67": "Target",
            "68": "Wholefoods",
            "69": "Veritas",
            "70": "Wholefoods",
            "71": "Intel"
        },
        "Job Location": {
            "0": "Vinings, GA, USA",
            "1": "Santa Clara, CA, USA",
            "2": "Remote",
            "3": "Atlanta, GA, USA",
            "4": "Remote or San Francisco, CA, USA",
            "5": "Remote",
            "6": "Monte Sereno, CA, USA",
            "7": "Remote",
            "8": "Santa Clara, CA, USA",
            "9": "Florida",
            "10": "NewYork",
            "11": "Irvine, CA, USA",
            "12": "Sunnyvale, CA, USA",
            "13": "Remote",
            "14": "Greenwood Village, CO, USA",
            "15": "Texas",
            "16": "Texas",
            "17": "Pune",
            "18": "Pune1",
            "19": "Pune1",
            "20": "Pune1",
            "21": "JobLocation",
            "22": "North America",
            "23": "Pune1",
            "24": "JobLocation",
            "25": "Bangalore",
            "26": "California",
            "27": "California",
            "28": "California",
            "29": "California",
            "30": "California",
            "31": "California",
            "32": "California",
            "33": "California",
            "34": "California",
            "35": "California",
            "36": "California",
            "37": "California",
            "38": "California",
            "39": "California",
            "40": "California",
            "41": "California",
            "42": "Pune1",
            "43": "Bangalore",
            "44": "JobLocation",
            "45": "California",
            "46": "California",
            "47": "California",
            "48": "California",
            "49": "California",
            "50": "California",
            "51": "California",
            "52": "California",
            "53": "South feyetee, PA",
            "54": "South feyetee, PA",
            "55": "South feyetee, PA",
            "56": "South feyetee, PA",
            "57": "South feyetee, PA",
            "58": "South feyetee, PA",
            "59": "South feyetee, PA",
            "60": "California",
            "61": "California",
            "62": "California",
            "63": "California",
            "64": "California",
            "65": "Chicago Stlouis",
            "66": "California",
            "67": "Atlanta, GA",
            "68": "Atlanta",
            "69": "California",
            "70": "Atlanta",
            "71": "Bangalore"
        },
        "Job Type": {
            "0": "Contract",
            "1": "Contract, Third Party",
            "2": "Contract",
            "3": "Full-time",
            "4": "Contract",
            "5": "Full-time",
            "6": "Full-time, Third Party, Contract",
            "7": "Contract, Third Party",
            "8": "Contract, Third Party",
            "9": "Contract",
            "10": "Full-time, Third Party",
            "11": "Full-time",
            "12": "Contract",
            "13": "Contract",
            "14": "Contract",
            "15": "part time",
            "16": "part tim",
            "17": "NumpyNinja",
            "18": "NumpyNinja",
            "19": "NumpyNinja",
            "20": "NumpyNinja",
            "21": "JobType1",
            "22": "Developer",
            "23": "NumpyNinja",
            "24": "JobType1",
            "25": "Automation",
            "26": "Permanent",
            "27": "Permanent",
            "28": "Permanent",
            "29": "Permanent",
            "30": "Permanent",
            "31": "Permanent",
            "32": "Permanent",
            "33": "Permanent",
            "34": "Permanent",
            "35": "Permanent",
            "36": "Permanent",
            "37": "Permanent",
            "38": "Permanent",
            "39": "Permanent",
            "40": "Permanent",
            "41": "Permanent",
            "42": "NumpyNinja",
            "43": "Automation",
            "44": "JobType1",
            "45": "Permanent",
            "46": "Permanent",
            "47": "Permanent",
            "48": "Permanent",
            "49": "Permanent",
            "50": "Permanent",
            "51": "Permanent",
            "52": "Permanent",
            "53": "Permanent",
            "54": "Permanent",
            "55": "Permanent",
            "56": "Permanent",
            "57": "Permanent",
            "58": "Permanent",
            "59": "Permanent",
            "60": "Permanent",
            "61": "Permanent",
            "62": "Permanent",
            "63": "Permanent",
            "64": "Permanent",
            "65": "ppermanent",
            "66": "Permanent",
            "67": "Full-time",
            "68": "Full time",
            "69": "Permanent",
            "70": "Full time",
            "71": "Automation"
        },
        "Job Posted time": {
            "0": "44 minutes ago",
            "1": "6 hours ago",
            "2": "2 hours ago",
            "3": "6 hours ago",
            "4": "7 hours ago",
            "5": "10 hours ago",
            "6": "46 minutes ago",
            "7": "6 hours ago",
            "8": "5 hours ago",
            "9": "3 hours ago",
            "10": "25 minutes ago",
            "11": "2 hours ago",
            "12": "5 hours ago",
            "13": "2 hours ago",
            "14": "1 hour ago",
            "15": "11:05",
            "16": "11:05",
            "17": "6 hours ago",
            "18": "6 hours ago",
            "19": "6 hours ago",
            "20": "6 hours ago",
            "21": "JobPostedtime",
            "22": "Today",
            "23": "6 hours ago",
            "24": "JobPostedtime",
            "25": "Today",
            "26": "15minutes",
            "27": "15 minutes",
            "28": "15 minutes",
            "29": "15 minutes",
            "30": "15 minutes",
            "31": "15 minutes",
            "32": "15 minutes",
            "33": "15 minutes",
            "34": "15 minutes",
            "35": "15 minutes",
            "36": "15 minutes",
            "37": "15 minutes",
            "38": "15 minutes",
            "39": "15 minutes",
            "40": "15 minutes",
            "41": "15 minutes",
            "42": "6 hours okago",
            "43": "Today",
            "44": "JobPostedtime",
            "45": "15 minutes",
            "46": "15 minutes",
            "47": "15 minutes",
            "48": "15 minutes",
            "49": "15 minutes",
            "50": "15 minutes",
            "51": "15 minutes",
            "52": "15 minutes",
            "53": "1 hour ",
            "54": "1 hour ",
            "55": "1 hour ",
            "56": "1 hour ",
            "57": "1 hour ",
            "58": "1 hour ",
            "59": "1 hour ",
            "60": "15 minutes",
            "61": "15 minutes",
            "62": "15 minutes",
            "63": "15 minutes",
            "64": "15 minutes",
            "65": "1 min ago",
            "66": "15 minutes",
            "67": "2 hours ago",
            "68": "1 hr ago",
            "69": "15 minutes",
            "70": "1 hr ago",
            "71": "Today"
        },
        "Job Description": {
            "0": "Job Summary: Signature Consultants is seeking a Software Developer in Test (SDET) for an opportunity with a client located in Vinings, GA. Qualifications: Resources required for Quality assurance engineering Ability to automate any processes and functions Experience in standing up the automation from scratch Experience in writing file validation frameworks Expertise in the API and Database automation Expertise in writing Web automation framework Experience in the process automation Expertise",
            "1": "SDET Location: Santa Clara, CA Duration: Long Term Client is looking for a SDET contractor for the backend component testing. Someone with good python/java scripting skill and DB testing experience would be a good fit. Responsibilities Review product requirement, user experience specification, technical design specification for testability.Develop test strategy, test plan and test case for specific project/ productConduct test plan/cases review with cross-functional teams to ensure the test co",
            "2": "SQA Group is a technology and advisory services firm in growth mode, partnering with Fortune 500 companies, large enterprises and mid-market organizations to help our clients drive transformation. We introduce a blend of emerging technology solutions, data science services, and consulting services to fuel our clients’ modernization initiatives. We are partnering with an insurance company that is undergoing a digital transformation initiative. As part of this larger transformation, SQA Group will",
            "3": "Hi, Greetings for the day!! Hope you are doing well!! Kindly check the below Job requirement and share with us your updated resume and the best time to reach you to discuss more on this position. If interested in this position, kindly mention the expected salary Role: SDET Lead Location of Requirement: Atlanta, GA Duration: Full Time Mandatory Technical / Functional Skills: 8-10+ years’ experience working with web-based & cloud based software products/applications, APIs, Webservices and bac",
            "4": "Must have Trading experience and consultant must be local to CA. Analyzing the requirements from client. Arranging Test Environment to execute the test cases. Conducting Review Meetings. Analyzing and executing Test Cases. Defect Tracking. Communicating with Test Manager. Thank you, Prasad #x 715",
            "5": "We have a 100% remote, direct hire, opportunity for a Senior SDET tester. The client is looking for someone that has very strong java programming skills. They want this person's strongest skills to be with java development and being able to use those programming skills to help them with their automation. Ideally this individual has previously been a developer and transitioned into utilizing their programming skills for QA. The client offers a great compensation package with 5 weeks PTO, 401k mat",
            "6": "Hope you are doing well . We have urgent open position for SDET Engineer in Ft. Mill or Austin TX or Sandiego CA. pl. go thorugh with the below details and let me know your interest . If you are interested kindly share a copy of resume along with the rate / salary expectations and best time to reach you . Job Title : SDET Engineer Location : Ft. Mill or Austin TX or Sandiego CA Skills Needed : Need strong Testng, Selenium, Java Coding experience Must have: SDET Technical Skillset (Core Java,",
            "7": "Role: SDET Location: Remote job / Work for home Duration: 6 Months + Contract. Immediate interview / Urgent need Job Description:- The SDET is the person responsible for developing, implementing, and sustaining complex test automation using Agile automation techniques and tools. You will receive deep insight into the software development lifecycle along with freedom to complete your goals in your way. If you thrive in a fast-paced environment, operating at the tactical level, while solving dif",
            "8": "As a Senior Software Developer in Test, you will have the opportunity to work with experts in these fields to drive toward the common goal of bringing our sequencing platform to market. You will be responsible for test design, development, automation, deployment, execution, and reporting. In this role, you will represent quality engineering and verification on behalf of your feature team in Agile events and activities. Responsibilities Authoring and confirming correctness of user story-driven te",
            "9": "Greetings , This is Srini from Bourntec Inc, reaching out to see if you might be available and looking for any new opportunities, if yes please go through the below role and reply back with an updated resume and requested details below. Position: - Software Developer in Test (SDET) Location: Remote Duration: 5 Months Job description: A. PURPOSE AND GOALS • This resource will provide expert-level expertise in the area of design and code development for automated testing and executing t",
            "10": "Hi This is mayank from InficareTech ,If you are interested . Let me know best time to connect. With updated resume. Position- SDET Engineer with Appium Location-SFO,CA Contract Cucumber & Java (Strong java coding experience) Mobile testing Appium with any cloud services (Perfecto, Saucelabs,Browser Stack) Proficiency in writing Native app code test using Swift XCTest, Espresso with Kotlin with any Cloud services like (Sauce labs, Perfecto, Browser Stack, Seetest Cloud etc) Exposure to Applito",
            "11": "Project Description:Our Customer is one of the world's largest investment management companies. Based in Southern California, our client manages close to $2 trillion in assets. The Project: Luxoft is responsible for solution test automation for Investment Management , Equity Order Management platforms and other engagements of the Client. You will be developing scripts to support test automation via SIA framework as a part of the Luxoft's SDET team. This engagement covers test automation for",
            "12": "Title: Quality Assurance Analyst (SDET, Automated, Java, Python) Location/Remote/Workspace: Sunnyvale California. (fully remote option available) (They are expecting to return at the end of August and this role would sit onsite in Sunnyvale) Duration: Contract Responsibility Establish milestones and monitor adherence to plans and schedules, identify delivery risks, and obtain/drive mitigation strategies and solutionsTest cases, Use cases, Python scripting for JAVA middleware development, REST,",
            "13": "Must Haves: Senior C#.net SDET Engineer, Selenium, Framework Creation, Agile, Leadership <>Qualifications:Bachelor’s degree in Computer Science or related field or equivalent combination of industry related professional experience and education3-5 years of working experienceWorking experience in software development and/or testingExperience coding in C#Experience working in Micro services architecture and testing restful API’sWorking experience with software test tools and processes, building an",
            "14": "RESPONSIBILITIES: Kforce has a client in Greenwood Village",
            "15": "Testing",
            "16": "Testi",
            "17": "Tough One",
            "18": "Tough One",
            "19": "Tough One",
            "20": "Tough One",
            "21": "JobDescription",
            "22": "Trying Hard",
            "23": "Tough One",
            "24": "JobDescription",
            "25": "Need Experience",
            "26": "TechnicalScrumMaster",
            "27": "Technical Scrum Master",
            "28": "Technical Scrum Master",
            "29": "Technical Scrum Master",
            "30": "Technical Scrum Master",
            "31": "Technical Scrum Master",
            "32": "Technical Scrum Master",
            "33": "Technical Scrum Master",
            "34": "Technical Scrum Master",
            "35": "Technical Scrum Master",
            "36": "Technical Scrum Master",
            "37": "Technical Scrum Master",
            "38": "Technical Scrum Master",
            "39": "Technical Scrum Master",
            "40": "Technical Scrum Master",
            "41": "Technical Scrum Master",
            "42": "Tough One",
            "43": "Need Experience",
            "44": "JobDescription",
            "45": "Technical Scrum Master",
            "46": "Technical Scrum Master",
            "47": "Technical Scrum Master",
            "48": "Technical Scrum Master",
            "49": "Technical Scrum Master",
            "50": "Technical Scrum Master",
            "51": "Technical Scrum Master",
            "52": "Technical Scrum Master",
            "53": "Best for you all",
            "54": "Best for you all",
            "55": "Best for you all",
            "56": "Best for you all",
            "57": "Best for you all",
            "58": "Best for you all",
            "59": "Best for you all",
            "60": "Technical Scrum Master",
            "61": "Technical Scrum Master",
            "62": "Technical Scrum Master",
            "63": "Technical Scrum Master",
            "64": "Technical Scrum Master",
            "65": "Job Id Job IdJob IdJob IdJob IdJob IdJob IdJob IdJob IdJob IdJob IdJob IdJob IdJob IdJob Id",
            "66": "Technical Scrum Master",
            "67": "testing",
            "68": "It is SDET ",
            "69": "Technical Scrum Master",
            "70": "It is SDET ",
            "71": "Need Experience"
        },
        "Job Id": {
            "0": "1001",
            "1": "1002",
            "2": "1003",
            "3": "1005",
            "4": "1006",
            "5": "1007",
            "6": "1008",
            "7": "1009",
            "8": "1010",
            "9": "1011",
            "10": "1012",
            "11": "1013",
            "12": "1016",
            "13": "1018",
            "14": "1018",
            "15": "1238",
            "16": "1239",
            "17": "1835",
            "18": "1836",
            "19": "1837",
            "20": "1838",
            "21": "1244",
            "22": "24243",
            "23": "1839",
            "24": "12440",
            "25": "13129",
            "26": "206",
            "27": "201",
            "28": "201",
            "29": "202",
            "30": "203",
            "31": "206",
            "32": "207",
            "33": "208",
            "34": "209",
            "35": "210",
            "36": "211",
            "37": "212",
            "38": "214",
            "39": "215",
            "40": "216",
            "41": "217",
            "42": "1839",
            "43": "13129",
            "44": "12440",
            "45": "12441",
            "46": "12442",
            "47": "12443",
            "48": "12444",
            "49": "201",
            "50": "201",
            "51": "201",
            "52": "215",
            "53": "1039",
            "54": "1039",
            "55": "1039",
            "56": "1039",
            "57": "1003",
            "58": "1003",
            "59": "1003",
            "60": "23457",
            "61": "23459",
            "62": "23460",
            "63": "215",
            "64": "23457",
            "65": "31221",
            "66": "23457",
            "67": "23464",
            "68": "23465",
            "69": "23457",
            "70": "\"23466\"",
            "71": "13128"
        }
    }
}]]>
  </system-out>
</testsuite> <!-- com.lms.test.restapi18.PostRequestJobsAPI -->
