<?xml version="1.0" encoding="UTF-8"?>
<!-- Generated by org.testng.reporters.JUnitReportReporter -->
<testsuite hostname="ASUS-PC" failures="0" tests="4" name="com.lms.test.restapi18.GetRequestLMSAPI" time="5.136" errors="0" timestamp="05 Dec 2021 18:20:34 GMT" skipped="0">
  <testcase classname="com.lms.test.restapi18.GetRequestLMSAPI" name="ValidateStatusCodeforSpecificProgramIDHardCoded" time="3.124"/>
  <testcase classname="com.lms.test.restapi18.GetRequestLMSAPI" name="DataDriven_Excel_testFindProgram" time="0.325"/>
  <testcase classname="com.lms.test.restapi18.GetRequestLMSAPI" name="ValidateStatusCode" time="0.836"/>
  <testcase classname="com.lms.test.restapi18.GetRequestLMSAPI" name="GetAllProgramDetails" time="0.851"/>
</testsuite> <!-- com.lms.test.restapi18.GetRequestLMSAPI -->
